<?xml version="1.0" encoding="UTF-8"?>
<!-- Generated by org.testng.reporters.JUnitXMLReporter -->
<testsuite hostname="DESKTOP-14CGQSC" ignored="0" name="Default test" tests="6" failures="0" timestamp="19 Jul 2020 12:07:24 GMT" time="78.366" errors="0">
  <testcase name="invalidLogin" time="8.946" classname="com.test.Login"/>
  <testcase name="invalidLogin" time="8.272" classname="com.test.Login"/>
  <testcase name="invalidLogin" time="8.074" classname="com.test.Login"/>
  <testcase name="invalidLogin" time="8.71" classname="com.test.Login"/>
  <testcase name="invalidLogin" time="8.844" classname="com.test.Login"/>
  <testcase name="validLogin" time="13.102" classname="com.test.Login"/>
</testsuite> <!-- Default test -->
