<?xml version="1.0" encoding="UTF-8"?>
<testng-results skipped="0" failed="0" ignored="0" total="6" passed="6">
  <reporter-output>
  </reporter-output>
  <suite name="Default suite" duration-ms="78366" started-at="2020-07-19T12:06:05Z" finished-at="2020-07-19T12:07:23Z">
    <groups>
    </groups>
    <test name="Default test" duration-ms="78366" started-at="2020-07-19T12:06:05Z" finished-at="2020-07-19T12:07:23Z">
      <class name="com.test.Login">
        <test-method status="PASS" signature="openBrowser()[pri:0, instance:com.test.Login@28d25987]" name="openBrowser" is-config="true" duration-ms="12757" started-at="2020-07-19T12:06:05Z" finished-at="2020-07-19T12:06:17Z">
          <reporter-output>
          </reporter-output>
        </test-method> <!-- openBrowser -->
        <test-method status="PASS" signature="openLoginPage()[pri:0, instance:com.test.Login@28d25987]" name="openLoginPage" is-config="true" duration-ms="8991" started-at="2020-07-19T12:06:17Z" depends-on-methods="com.test.Login.openBrowser" finished-at="2020-07-19T12:06:26Z">
          <reporter-output>
          </reporter-output>
        </test-method> <!-- openLoginPage -->
        <test-method status="PASS" signature="invalidLogin(java.lang.String, java.lang.String, java.lang.String)[pri:1, instance:com.test.Login@28d25987]" name="invalidLogin" duration-ms="8946" started-at="2020-07-19T12:06:27Z" data-provider="GetCredentials" finished-at="2020-07-19T12:06:36Z">
          <params>
            <param index="0">
              <value>
                <![CDATA[]]>
              </value>
            </param>
            <param index="1">
              <value>
                <![CDATA[]]>
              </value>
            </param>
            <param index="2">
              <value>
                <![CDATA[BLANK EMAIL WITH BLANK PASSWORD]]>
              </value>
            </param>
          </params>
          <reporter-output>
          </reporter-output>
        </test-method> <!-- invalidLogin -->
        <test-method status="PASS" signature="invalidLogin(java.lang.String, java.lang.String, java.lang.String)[pri:1, instance:com.test.Login@28d25987]" name="invalidLogin" duration-ms="8272" started-at="2020-07-19T12:06:36Z" data-provider="GetCredentials" finished-at="2020-07-19T12:06:44Z">
          <params>
            <param index="0">
              <value>
                <![CDATA[lokesh123@gmail.com]]>
              </value>
            </param>
            <param index="1">
              <value>
                <![CDATA[]]>
              </value>
            </param>
            <param index="2">
              <value>
                <![CDATA[VALID/INVALID EMAIL WITH BLANK PASSWORD]]>
              </value>
            </param>
          </params>
          <reporter-output>
          </reporter-output>
        </test-method> <!-- invalidLogin -->
        <test-method status="PASS" signature="invalidLogin(java.lang.String, java.lang.String, java.lang.String)[pri:1, instance:com.test.Login@28d25987]" name="invalidLogin" duration-ms="8074" started-at="2020-07-19T12:06:44Z" data-provider="GetCredentials" finished-at="2020-07-19T12:06:52Z">
          <params>
            <param index="0">
              <value>
                <![CDATA[]]>
              </value>
            </param>
            <param index="1">
              <value>
                <![CDATA[123456]]>
              </value>
            </param>
            <param index="2">
              <value>
                <![CDATA[BLANK EMAIL WITH VALID/INVALID PASSWORD]]>
              </value>
            </param>
          </params>
          <reporter-output>
          </reporter-output>
        </test-method> <!-- invalidLogin -->
        <test-method status="PASS" signature="invalidLogin(java.lang.String, java.lang.String, java.lang.String)[pri:1, instance:com.test.Login@28d25987]" name="invalidLogin" duration-ms="8710" started-at="2020-07-19T12:06:52Z" data-provider="GetCredentials" finished-at="2020-07-19T12:07:01Z">
          <params>
            <param index="0">
              <value>
                <![CDATA[sgcjhbb@gmail.com]]>
              </value>
            </param>
            <param index="1">
              <value>
                <![CDATA[dxxcfcgjhvk]]>
              </value>
            </param>
            <param index="2">
              <value>
                <![CDATA[INVALID EMAIL WITH INVALID PASSWORD]]>
              </value>
            </param>
          </params>
          <reporter-output>
          </reporter-output>
        </test-method> <!-- invalidLogin -->
        <test-method status="PASS" signature="invalidLogin(java.lang.String, java.lang.String, java.lang.String)[pri:1, instance:com.test.Login@28d25987]" name="invalidLogin" duration-ms="8844" started-at="2020-07-19T12:07:01Z" data-provider="GetCredentials" finished-at="2020-07-19T12:07:09Z">
          <params>
            <param index="0">
              <value>
                <![CDATA[lokesh123@gmail.com]]>
              </value>
            </param>
            <param index="1">
              <value>
                <![CDATA[SADCCXSA]]>
              </value>
            </param>
            <param index="2">
              <value>
                <![CDATA[VALID EMAIL WITH INVALID PASSWORD]]>
              </value>
            </param>
          </params>
          <reporter-output>
          </reporter-output>
        </test-method> <!-- invalidLogin -->
        <test-method status="PASS" signature="validLogin(java.lang.String, java.lang.String)[pri:2, instance:com.test.Login@28d25987]" name="validLogin" duration-ms="13102" started-at="2020-07-19T12:07:10Z" data-provider="GetCredentials" finished-at="2020-07-19T12:07:23Z">
          <params>
            <param index="0">
              <value>
                <![CDATA[nithya123@yahoo.com]]>
              </value>
            </param>
            <param index="1">
              <value>
                <![CDATA[123456]]>
              </value>
            </param>
          </params>
          <reporter-output>
          </reporter-output>
        </test-method> <!-- validLogin -->
        <test-method status="PASS" signature="closeBrowser()[pri:0, instance:com.test.Login@28d25987]" name="closeBrowser" is-config="true" duration-ms="480" started-at="2020-07-19T12:07:23Z" finished-at="2020-07-19T12:07:23Z">
          <reporter-output>
          </reporter-output>
        </test-method> <!-- closeBrowser -->
      </class> <!-- com.test.Login -->
    </test> <!-- Default test -->
  </suite> <!-- Default suite -->
</testng-results>
