<?xml version="1.0" encoding="UTF-8"?>
<!-- Generated by org.testng.reporters.JUnitXMLReporter -->
<testsuite hostname="DESKTOP-14CGQSC" ignored="0" name="LOGIN" tests="6" failures="0" timestamp="19 Jul 2020 11:38:01 GMT" time="73.385" errors="0">
  <testcase name="invalidLogin" time="9.076" classname="com.test.Login"/>
  <testcase name="invalidLogin" time="8.329" classname="com.test.Login"/>
  <testcase name="invalidLogin" time="8.248" classname="com.test.Login"/>
  <testcase name="invalidLogin" time="9.487" classname="com.test.Login"/>
  <testcase name="invalidLogin" time="8.563" classname="com.test.Login"/>
  <testcase name="validLogin" time="12.263" classname="com.test.Login"/>
</testsuite> <!-- LOGIN -->
